{"/Users/peter/Documents/git/server/restful.git/src/palindrome.js":{"path":"/Users/peter/Documents/git/server/restful.git/src/palindrome.js","s":{"1":1,"2":8,"3":1,"4":7,"5":7},"b":{"1":[1,7],"2":[7,5]},"f":{"1":8},"fnMap":{"1":{"name":"(anonymous_1)","line":1,"loc":{"start":{"line":1,"column":17},"end":{"line":1,"column":34}}}},"statementMap":{"1":{"start":{"line":1,"column":0},"end":{"line":7,"column":2}},"2":{"start":{"line":2,"column":2},"end":{"line":4,"column":3}},"3":{"start":{"line":3,"column":4},"end":{"line":3,"column":40}},"4":{"start":{"line":5,"column":2},"end":{"line":5,"column":25}},"5":{"start":{"line":6,"column":2},"end":{"line":6,"column":77}}},"branchMap":{"1":{"line":2,"type":"if","locations":[{"start":{"line":2,"column":2},"end":{"line":2,"column":2}},{"start":{"line":2,"column":2},"end":{"line":2,"column":2}}]},"2":{"line":6,"type":"binary-expr","locations":[{"start":{"line":6,"column":9},"end":{"line":6,"column":26}},{"start":{"line":6,"column":30},"end":{"line":6,"column":76}}]}}},"/Users/peter/Documents/git/server/restful.git/src/util.js":{"path":"/Users/peter/Documents/git/server/restful.git/src/util.js","s":{"1":1,"2":3,"3":2},"b":{},"f":{"1":3,"2":2},"fnMap":{"1":{"name":"(anonymous_1)","line":1,"loc":{"start":{"line":1,"column":17},"end":{"line":1,"column":29}}},"2":{"name":"(anonymous_2)","line":3,"loc":{"start":{"line":3,"column":15},"end":{"line":3,"column":37}}}},"statementMap":{"1":{"start":{"line":1,"column":0},"end":{"line":6,"column":1}},"2":{"start":{"line":3,"column":4},"end":{"line":5,"column":5}},"3":{"start":{"line":4,"column":8},"end":{"line":4,"column":40}}},"branchMap":{}}}