TN:
SF:/Users/peter/Documents/git/server/restful.git/src/stockfetch.js
FN:12,(anonymous_1)
FN:13,(anonymous_2)
FN:17,(anonymous_3)
FN:32,(anonymous_4)
FN:33,(anonymous_5)
FN:39,(anonymous_6)
FN:42,(anonymous_7)
FN:49,(anonymous_8)
FN:55,(anonymous_9)
FN:60,(anonymous_10)
FN:61,(anonymous_11)
FN:67,(anonymous_12)
FN:73,(anonymous_13)
FN:81,(anonymous_14)
FN:86,(anonymous_15)
FN:92,(anonymous_16)
FN:93,(anonymous_17)
FN:97,(anonymous_18)
FN:99,(anonymous_19)
FNF:19
FNH:19
FNDA:27,(anonymous_1)
FNDA:5,(anonymous_2)
FNDA:5,(anonymous_3)
FNDA:5,(anonymous_4)
FNDA:15,(anonymous_5)
FNDA:3,(anonymous_6)
FNDA:11,(anonymous_7)
FNDA:8,(anonymous_8)
FNDA:8,(anonymous_9)
FNDA:2,(anonymous_10)
FNDA:1,(anonymous_11)
FNDA:1,(anonymous_12)
FNDA:2,(anonymous_13)
FNDA:7,(anonymous_14)
FNDA:10,(anonymous_15)
FNDA:5,(anonymous_16)
FNDA:9,(anonymous_17)
FNDA:1,(anonymous_18)
FNDA:2,(anonymous_19)
DA:9,1
DA:10,1
DA:12,1
DA:13,27
DA:15,5
DA:17,5
DA:18,5
DA:19,2
DA:21,3
DA:22,3
DA:23,1
DA:25,2
DA:29,5
DA:32,27
DA:33,5
DA:34,15
DA:36,5
DA:39,27
DA:40,3
DA:41,3
DA:42,11
DA:45,27
DA:47,27
DA:49,27
DA:50,8
DA:51,8
DA:55,27
DA:56,8
DA:58,8
DA:59,2
DA:60,2
DA:61,2
DA:63,6
DA:67,27
DA:68,1
DA:71,27
DA:73,27
DA:74,2
DA:75,2
DA:76,2
DA:79,27
DA:81,27
DA:82,7
DA:83,7
DA:86,27
DA:87,10
DA:89,3
DA:92,27
DA:93,9
DA:94,5
DA:97,27
DA:99,27
DA:100,2
DA:101,2
DA:105,1
LF:55
LH:55
BRDA:18,1,0,2
BRDA:18,1,1,3
BRDA:22,2,0,1
BRDA:22,2,1,2
BRDA:34,3,0,15
BRDA:34,3,1,11
BRDA:58,4,0,2
BRDA:58,4,1,6
BRDA:87,5,0,3
BRDA:87,5,1,7
BRF:10
BRH:10
end_of_record
